"C:/Users/talls/Documents/Unreal Projects/DraggingSystem/Content/DraggingSystem/Fonts/Dongle-Bold.uasset" 0
"C:/Users/talls/Documents/Unreal Projects/DraggingSystem/Content/DraggingSystem/Fonts/Dongle-Bold.uexp" 1
"C:/Users/talls/Documents/Unreal Projects/DraggingSystem/Content/DraggingSystem/Fonts/Dongle-Bold.ufont" 2
"C:/Users/talls/Documents/Unreal Projects/DraggingSystem/Content/DraggingSystem/Fonts/Dongle-Bold_Font.uasset" 3
"C:/Users/talls/Documents/Unreal Projects/DraggingSystem/Content/DraggingSystem/Fonts/Dongle-Bold_Font.uexp" 4
"C:/Users/talls/Documents/Unreal Projects/DraggingSystem/Content/DraggingSystem/Fonts/Dongle-Regular.uasset" 5
"C:/Users/talls/Documents/Unreal Projects/DraggingSystem/Content/DraggingSystem/Fonts/Dongle-Regular.uexp" 6
"C:/Users/talls/Documents/Unreal Projects/DraggingSystem/Content/DraggingSystem/Fonts/Dongle-Regular.ufont" 7
"C:/Users/talls/Documents/Unreal Projects/DraggingSystem/Content/DraggingSystem/Fonts/Dongle-Regular_Font.uasset" 8
"C:/Users/talls/Documents/Unreal Projects/DraggingSystem/Content/DraggingSystem/Fonts/Dongle-Regular_Font.uexp" 9
"C:/Users/talls/Documents/Unreal Projects/DraggingSystem/Content/DraggingSystem/Materials/M_DragBlip.uasset" 10
"C:/Users/talls/Documents/Unreal Projects/DraggingSystem/Content/DraggingSystem/Materials/M_DragBlip.uexp" 11
"C:/Users/talls/Documents/Unreal Projects/DraggingSystem/Content/UnrealDefault/FirstPerson/Character/Mesh/SK_Mannequin_Arms_Skeleton.uasset" 12
"C:/Users/talls/Documents/Unreal Projects/DraggingSystem/Content/UnrealDefault/FirstPerson/Character/Mesh/SK_Mannequin_Arms_Skeleton.uexp" 13
"../../../Engine/Content/Animation/DefaultAnimCurveCompressionSettings.uasset" 14
"../../../Engine/Content/Animation/DefaultAnimCurveCompressionSettings.uexp" 15
"../../../Engine/Content/Animation/DefaultAnimBoneCompressionSettings.uasset" 16
"../../../Engine/Content/Animation/DefaultAnimBoneCompressionSettings.uexp" 17
"C:/Users/talls/Documents/Unreal Projects/DraggingSystem/Content/UnrealDefault/FirstPerson/Animations/FirstPerson_Fire.uasset" 18
"C:/Users/talls/Documents/Unreal Projects/DraggingSystem/Content/UnrealDefault/FirstPerson/Animations/FirstPerson_Fire.uexp" 19
"C:/Users/talls/Documents/Unreal Projects/DraggingSystem/Content/UnrealDefault/FirstPerson/Animations/FirstPersonFire_Montage.uasset" 20
"C:/Users/talls/Documents/Unreal Projects/DraggingSystem/Content/UnrealDefault/FirstPerson/Animations/FirstPersonFire_Montage.uexp" 21
"C:/Users/talls/Documents/Unreal Projects/DraggingSystem/Content/UnrealDefault/FirstPerson/Audio/FirstPersonTemplateWeaponFire02.uasset" 22
"C:/Users/talls/Documents/Unreal Projects/DraggingSystem/Content/UnrealDefault/FirstPerson/Audio/FirstPersonTemplateWeaponFire02.uexp" 23
"C:/Users/talls/Documents/Unreal Projects/DraggingSystem/Content/UnrealDefault/FirstPerson/Meshes/BaseMaterial.uasset" 24
"C:/Users/talls/Documents/Unreal Projects/DraggingSystem/Content/UnrealDefault/FirstPerson/Meshes/BaseMaterial.uexp" 25
"C:/Users/talls/Documents/Unreal Projects/DraggingSystem/Content/UnrealDefault/FirstPerson/Meshes/CubeMaterialOverride.uasset" 26
"C:/Users/talls/Documents/Unreal Projects/DraggingSystem/Content/UnrealDefault/FirstPerson/Meshes/CubeMaterialOverride.uexp" 27
"C:/Users/talls/Documents/Unreal Projects/DraggingSystem/Content/UnrealDefault/FirstPerson/Textures/FirstPersonCrosshair.uasset" 28
"C:/Users/talls/Documents/Unreal Projects/DraggingSystem/Content/UnrealDefault/FirstPerson/Textures/FirstPersonCrosshair.uexp" 29
"C:/Users/talls/Documents/Unreal Projects/DraggingSystem/Content/UnrealDefault/FirstPerson/Meshes/FirstPersonProjectileMaterial.uasset" 30
"C:/Users/talls/Documents/Unreal Projects/DraggingSystem/Content/UnrealDefault/FirstPerson/Meshes/FirstPersonProjectileMaterial.uexp" 31
"C:/Users/talls/Documents/Unreal Projects/DraggingSystem/Content/UnrealDefault/FirstPerson/Meshes/FirstPersonProjectileMesh.uasset" 32
"C:/Users/talls/Documents/Unreal Projects/DraggingSystem/Content/UnrealDefault/FirstPerson/Meshes/FirstPersonProjectileMesh.uexp" 33
"C:/Users/talls/Documents/Unreal Projects/DraggingSystem/Content/UnrealDefault/FirstPersonBP/Blueprints/FirstPersonProjectile.uasset" 34
"C:/Users/talls/Documents/Unreal Projects/DraggingSystem/Content/UnrealDefault/FirstPersonBP/Blueprints/FirstPersonProjectile.uexp" 35
"C:/Users/talls/Documents/Unreal Projects/DraggingSystem/Content/UnrealDefault/FPWeapon/Materials/MaterialLayers/T_ML_FineRubber.uasset" 36
"C:/Users/talls/Documents/Unreal Projects/DraggingSystem/Content/UnrealDefault/FPWeapon/Materials/MaterialLayers/T_ML_FineRubber.uexp" 37
"C:/Users/talls/Documents/Unreal Projects/DraggingSystem/Content/UnrealDefault/FPWeapon/Materials/MaterialLayers/T_ML_FineRubber.ubulk" 38
"C:/Users/talls/Documents/Unreal Projects/DraggingSystem/Content/UnrealDefault/FPWeapon/Mesh/SK_FPGun_Skeleton.uasset" 39
"C:/Users/talls/Documents/Unreal Projects/DraggingSystem/Content/UnrealDefault/FPWeapon/Mesh/SK_FPGun_Skeleton.uexp" 40
"C:/Users/talls/Documents/Unreal Projects/DraggingSystem/Content/UnrealDefault/FPWeapon/Mesh/SK_FPGun_PhysicsAsset.uasset" 41
"C:/Users/talls/Documents/Unreal Projects/DraggingSystem/Content/UnrealDefault/FPWeapon/Mesh/SK_FPGun_PhysicsAsset.uexp" 42
"C:/Users/talls/Documents/Unreal Projects/DraggingSystem/Content/UnrealDefault/FPWeapon/Textures/T_FPGun_N.uasset" 43
"C:/Users/talls/Documents/Unreal Projects/DraggingSystem/Content/UnrealDefault/FPWeapon/Textures/T_FPGun_N.uexp" 44
"C:/Users/talls/Documents/Unreal Projects/DraggingSystem/Content/UnrealDefault/FPWeapon/Textures/T_FPGun_N.ubulk" 45
"C:/Users/talls/Documents/Unreal Projects/DraggingSystem/Content/UnrealDefault/FPWeapon/Textures/T_FPGun_M.uasset" 46
"C:/Users/talls/Documents/Unreal Projects/DraggingSystem/Content/UnrealDefault/FPWeapon/Textures/T_FPGun_M.uexp" 47
"C:/Users/talls/Documents/Unreal Projects/DraggingSystem/Content/UnrealDefault/FPWeapon/Textures/T_FPGun_M.ubulk" 48
"C:/Users/talls/Documents/Unreal Projects/DraggingSystem/Content/UnrealDefault/FPWeapon/Materials/MaterialLayers/T_ML_Rubber_Blue_01_N.uasset" 49
"C:/Users/talls/Documents/Unreal Projects/DraggingSystem/Content/UnrealDefault/FPWeapon/Materials/MaterialLayers/T_ML_Rubber_Blue_01_N.uexp" 50
"C:/Users/talls/Documents/Unreal Projects/DraggingSystem/Content/UnrealDefault/FPWeapon/Materials/MaterialLayers/T_ML_Rubber_Blue_01_N.ubulk" 51
"C:/Users/talls/Documents/Unreal Projects/DraggingSystem/Content/UnrealDefault/FPWeapon/Materials/MaterialLayers/T_ML_Rubber_Blue_01_D.uasset" 52
"C:/Users/talls/Documents/Unreal Projects/DraggingSystem/Content/UnrealDefault/FPWeapon/Materials/MaterialLayers/T_ML_Rubber_Blue_01_D.uexp" 53
"C:/Users/talls/Documents/Unreal Projects/DraggingSystem/Content/UnrealDefault/FPWeapon/Materials/MaterialLayers/T_ML_Rubber_Blue_01_D.ubulk" 54
"C:/Users/talls/Documents/Unreal Projects/DraggingSystem/Content/UnrealDefault/FPWeapon/Materials/MaterialLayers/T_ML_Aluminum01_N.uasset" 55
"C:/Users/talls/Documents/Unreal Projects/DraggingSystem/Content/UnrealDefault/FPWeapon/Materials/MaterialLayers/T_ML_Aluminum01_N.uexp" 56
"C:/Users/talls/Documents/Unreal Projects/DraggingSystem/Content/UnrealDefault/FPWeapon/Materials/MaterialLayers/T_ML_Aluminum01_N.ubulk" 57
"C:/Users/talls/Documents/Unreal Projects/DraggingSystem/Content/UnrealDefault/FPWeapon/Materials/MaterialLayers/T_ML_Aluminum01.uasset" 58
"C:/Users/talls/Documents/Unreal Projects/DraggingSystem/Content/UnrealDefault/FPWeapon/Materials/MaterialLayers/T_ML_Aluminum01.uexp" 59
"C:/Users/talls/Documents/Unreal Projects/DraggingSystem/Content/UnrealDefault/FPWeapon/Materials/MaterialLayers/T_ML_Aluminum01.ubulk" 60
"C:/Users/talls/Documents/Unreal Projects/DraggingSystem/Content/UnrealDefault/FPWeapon/Materials/MaterialLayers/ML_SoftMetal_UE4.uasset" 61
"C:/Users/talls/Documents/Unreal Projects/DraggingSystem/Content/UnrealDefault/FPWeapon/Materials/MaterialLayers/ML_SoftMetal_UE4.uexp" 62
"C:/Users/talls/Documents/Unreal Projects/DraggingSystem/Content/UnrealDefault/FPWeapon/Materials/MaterialLayers/ML_Screen.uasset" 63
"C:/Users/talls/Documents/Unreal Projects/DraggingSystem/Content/UnrealDefault/FPWeapon/Materials/MaterialLayers/ML_Screen.uexp" 64
"C:/Users/talls/Documents/Unreal Projects/DraggingSystem/Content/UnrealDefault/FPWeapon/Materials/MaterialLayers/ML_Plastic_Shiny_Beige.uasset" 65
"C:/Users/talls/Documents/Unreal Projects/DraggingSystem/Content/UnrealDefault/FPWeapon/Materials/MaterialLayers/ML_Plastic_Shiny_Beige.uexp" 66
"C:/Users/talls/Documents/Unreal Projects/DraggingSystem/Content/UnrealDefault/FPWeapon/Materials/MaterialLayers/ML_GlossyBlack_Latex_UE4.uasset" 67
"C:/Users/talls/Documents/Unreal Projects/DraggingSystem/Content/UnrealDefault/FPWeapon/Materials/MaterialLayers/ML_GlossyBlack_Latex_UE4.uexp" 68
"../../../Engine/Content/Functions/MaterialLayerFunctions/MatLayerBlend_Simple.uasset" 69
"../../../Engine/Content/Functions/MaterialLayerFunctions/MatLayerBlend_Simple.uexp" 70
"../../../Engine/Content/Functions/Engine_MaterialFunctions02/Utility/BlendAngleCorrectedNormals.uasset" 71
"../../../Engine/Content/Functions/Engine_MaterialFunctions02/Utility/BlendAngleCorrectedNormals.uexp" 72
"../../../Engine/Content/Functions/MaterialLayerFunctions/MatLayerBlend_NormalBlend.uasset" 73
"../../../Engine/Content/Functions/MaterialLayerFunctions/MatLayerBlend_NormalBlend.uexp" 74
"C:/Users/talls/Documents/Unreal Projects/DraggingSystem/Content/UnrealDefault/FPWeapon/Materials/M_FPGun.uasset" 75
"C:/Users/talls/Documents/Unreal Projects/DraggingSystem/Content/UnrealDefault/FPWeapon/Materials/M_FPGun.uexp" 76
"C:/Users/talls/Documents/Unreal Projects/DraggingSystem/Content/UnrealDefault/FPWeapon/Mesh/SK_FPGun.uasset" 77
"C:/Users/talls/Documents/Unreal Projects/DraggingSystem/Content/UnrealDefault/FPWeapon/Mesh/SK_FPGun.uexp" 78
"C:/Users/talls/Documents/Unreal Projects/DraggingSystem/Content/UnrealDefault/Geometry/Meshes/CubeMaterial.uasset" 79
"C:/Users/talls/Documents/Unreal Projects/DraggingSystem/Content/UnrealDefault/Geometry/Meshes/CubeMaterial.uexp" 80
"C:/Users/talls/Documents/Unreal Projects/DraggingSystem/Content/UnrealDefault/Geometry/Meshes/1M_Cube_Chamfer.uasset" 81
"C:/Users/talls/Documents/Unreal Projects/DraggingSystem/Content/UnrealDefault/Geometry/Meshes/1M_Cube_Chamfer.uexp" 82
"C:/Users/talls/Documents/Unreal Projects/DraggingSystem/Content/UnrealDefault/Geometry/Meshes/TemplateFloor.uasset" 83
"C:/Users/talls/Documents/Unreal Projects/DraggingSystem/Content/UnrealDefault/Geometry/Meshes/TemplateFloor.uexp" 84
"../../../Engine/Content/EngineMaterials/T_Default_Material_Grid_N.uasset" 85
"../../../Engine/Content/EngineMaterials/T_Default_Material_Grid_N.uexp" 86
"../../../Engine/Content/EngineMaterials/T_Default_Material_Grid_N.ubulk" 87
"../../../Engine/Content/EngineMaterials/T_Default_Material_Grid_M.uasset" 88
"../../../Engine/Content/EngineMaterials/T_Default_Material_Grid_M.uexp" 89
"../../../Engine/Content/EngineMaterials/T_Default_Material_Grid_M.ubulk" 90
"../../../Engine/Content/Functions/Engine_MaterialFunctions01/Opacity/CameraDepthFade.uasset" 91
"../../../Engine/Content/Functions/Engine_MaterialFunctions01/Opacity/CameraDepthFade.uexp" 92
"../../../Engine/Content/EngineMaterials/WorldGridMaterial.uasset" 93
"../../../Engine/Content/EngineMaterials/WorldGridMaterial.uexp" 94
"../../../Engine/Content/ArtTools/RenderToTexture/Meshes/S_1_Unit_Plane.uasset" 95
"../../../Engine/Content/ArtTools/RenderToTexture/Meshes/S_1_Unit_Plane.uexp" 96
"../../../Engine/Content/BasicShapes/Plane.uasset" 97
"../../../Engine/Content/BasicShapes/Plane.uexp" 98
"../../../Engine/Content/EditorLandscapeResources/DataLayer.uasset" 99
"../../../Engine/Content/EditorLandscapeResources/DataLayer.uexp" 100
"../../../Engine/Content/EditorLandscapeResources/DefaultAlphaTexture.uasset" 101
"../../../Engine/Content/EditorLandscapeResources/DefaultAlphaTexture.uexp" 102
"../../../Engine/Content/EditorMaterials/MAT_Groups_Toggle.uasset" 103
"../../../Engine/Content/EditorMaterials/MAT_Groups_Toggle.uexp" 104
"../../../Engine/Content/EditorMaterials/MAT_Groups_Visibility.uasset" 105
"../../../Engine/Content/EditorMaterials/MAT_Groups_Visibility.uexp" 106
"../../../Engine/Content/EditorMaterials/PreviewShadowIndicator.uasset" 107
"../../../Engine/Content/EditorMaterials/PreviewShadowIndicator.uexp" 108
"../../../Engine/Content/EditorMaterials/PreviewShadowIndicator.ubulk" 109
"../../../Engine/Content/EditorMaterials/PreviewShadowIndicatorMaterial.uasset" 110
"../../../Engine/Content/EditorMaterials/PreviewShadowIndicatorMaterial.uexp" 111
"../../../Engine/Content/EditorMaterials/MatineeGroups/MAT_ColorTrack.uasset" 112
"../../../Engine/Content/EditorMaterials/MatineeGroups/MAT_ColorTrack.uexp" 113
"../../../Engine/Content/EditorMaterials/MatineeGroups/MAT_Groups_Anim.uasset" 114
"../../../Engine/Content/EditorMaterials/MatineeGroups/MAT_Groups_Anim.uexp" 115
"../../../Engine/Content/EditorMaterials/MatineeGroups/MAT_Groups_AudioMaster.uasset" 116
"../../../Engine/Content/EditorMaterials/MatineeGroups/MAT_Groups_AudioMaster.uexp" 117
"../../../Engine/Content/EditorMaterials/MatineeGroups/MAT_Groups_Director.uasset" 118
"../../../Engine/Content/EditorMaterials/MatineeGroups/MAT_Groups_Director.uexp" 119
"../../../Engine/Content/EditorMaterials/MatineeGroups/MAT_Groups_Event.uasset" 120
"../../../Engine/Content/EditorMaterials/MatineeGroups/MAT_Groups_Event.uexp" 121
"../../../Engine/Content/EditorMaterials/MatineeGroups/MAT_Groups_Fade.uasset" 122
"../../../Engine/Content/EditorMaterials/MatineeGroups/MAT_Groups_Fade.uexp" 123
"../../../Engine/Content/EditorMaterials/MatineeGroups/MAT_Groups_Float.uasset" 124
"../../../Engine/Content/EditorMaterials/MatineeGroups/MAT_Groups_Float.uexp" 125
"../../../Engine/Content/EditorMaterials/MatineeGroups/MAT_Groups_Move.uasset" 126
"../../../Engine/Content/EditorMaterials/MatineeGroups/MAT_Groups_Move.uexp" 127
"../../../Engine/Content/EditorMaterials/MatineeGroups/MAT_Groups_Slomo.uasset" 128
"../../../Engine/Content/EditorMaterials/MatineeGroups/MAT_Groups_Slomo.uexp" 129
"../../../Engine/Content/EditorMaterials/MatineeGroups/MAT_Groups_Sound.uasset" 130
"../../../Engine/Content/EditorMaterials/MatineeGroups/MAT_Groups_Sound.uexp" 131
"../../../Engine/Content/EditorMaterials/MatineeGroups/MAT_Groups_Vector.uasset" 132
"../../../Engine/Content/EditorMaterials/MatineeGroups/MAT_Groups_Vector.uexp" 133
"../../../Engine/Content/EditorMaterials/ParticleSystems/PSysThumbnail_NoImage.uasset" 134
"../../../Engine/Content/EditorMaterials/ParticleSystems/PSysThumbnail_NoImage.uexp" 135
"../../../Engine/Content/EditorMaterials/ParticleSystems/PSysThumbnail_NoImage.ubulk" 136
"../../../Engine/Content/EditorMaterials/ParticleSystems/PSysThumbnail_OOD.uasset" 137
"../../../Engine/Content/EditorMaterials/ParticleSystems/PSysThumbnail_OOD.uexp" 138
"../../../Engine/Content/EditorMaterials/ParticleSystems/PSysThumbnail_OOD.ubulk" 139
"../../../Engine/Content/EditorMaterials/Camera/CineMat.uasset" 140
"../../../Engine/Content/EditorMaterials/Camera/CineMat.uexp" 141
"../../../Engine/Content/EditorMaterials/Camera/MI_CineMat_Rig.uasset" 142
"../../../Engine/Content/EditorMaterials/Camera/MI_CineMat_Rig.uexp" 143
"../../../Engine/Content/EditorMeshes/Camera/SM_CraneRig_Arm.uasset" 144
"../../../Engine/Content/EditorMeshes/Camera/SM_CraneRig_Arm.uexp" 145
"../../../Engine/Content/EditorMeshes/Camera/SM_CraneRig_Base.uasset" 146
"../../../Engine/Content/EditorMeshes/Camera/SM_CraneRig_Base.uexp" 147
"../../../Engine/Content/EditorMeshes/Camera/SM_CraneRig_Body.uasset" 148
"../../../Engine/Content/EditorMeshes/Camera/SM_CraneRig_Body.uexp" 149
"../../../Engine/Content/EditorMeshes/Camera/SM_CraneRig_Mount.uasset" 150
"../../../Engine/Content/EditorMeshes/Camera/SM_CraneRig_Mount.uexp" 151
"../../../Engine/Content/EditorMeshes/Camera/SM_RailRig_Mount.uasset" 152
"../../../Engine/Content/EditorMeshes/Camera/SM_RailRig_Mount.uexp" 153
"../../../Engine/Content/EditorMeshes/Camera/SM_RailRig_Track.uasset" 154
"../../../Engine/Content/EditorMeshes/Camera/SM_RailRig_Track.uexp" 155
"../../../Engine/Content/EditorResources/BSPVertex.uasset" 156
"../../../Engine/Content/EditorResources/BSPVertex.uexp" 157
"../../../Engine/Content/EditorResources/EmptyActor.uasset" 158
"../../../Engine/Content/EditorResources/EmptyActor.uexp" 159
"../../../Engine/Content/EditorResources/S_Actor.uasset" 160
"../../../Engine/Content/EditorResources/S_Actor.uexp" 161
"../../../Engine/Content/EditorResources/S_Actor.ubulk" 162
"../../../Engine/Content/EditorResources/S_Note.uasset" 163
"../../../Engine/Content/EditorResources/S_Note.uexp" 164
"../../../Engine/Content/EditorResources/S_Note.ubulk" 165
"../../../Engine/Content/EditorResources/S_Solver.uasset" 166
"../../../Engine/Content/EditorResources/S_Solver.uexp" 167
"../../../Engine/Content/EditorResources/S_Solver.ubulk" 168
"../../../Engine/Content/EditorResources/S_Terrain.uasset" 169
"../../../Engine/Content/EditorResources/S_Terrain.uexp" 170
"../../../Engine/Content/EditorResources/S_Terrain.ubulk" 171
"../../../Engine/Content/EditorResources/S_Trigger.uasset" 172
"../../../Engine/Content/EditorResources/S_Trigger.uexp" 173
"../../../Engine/Content/EditorResources/S_Trigger.ubulk" 174
"../../../Engine/Content/EditorResources/SequenceRecorder/Countdown.uasset" 175
"../../../Engine/Content/EditorResources/SequenceRecorder/Countdown.uexp" 176
"../../../Engine/Content/EditorResources/SequenceRecorder/RecordingIndicator.uasset" 177
"../../../Engine/Content/EditorResources/SequenceRecorder/RecordingIndicator.uexp" 178
"../../../Engine/Content/EngineDamageTypes/DmgTypeBP_Environmental.uasset" 179
"../../../Engine/Content/EngineDamageTypes/DmgTypeBP_Environmental.uexp" 180
"../../../Engine/Content/EngineDebugMaterials/DebugEditorMaterial.uasset" 181
"../../../Engine/Content/EngineDebugMaterials/DebugEditorMaterial.uexp" 182
"../../../Engine/Content/EngineDebugMaterials/DebugMeshMaterial.uasset" 183
"../../../Engine/Content/EngineDebugMaterials/DebugMeshMaterial.uexp" 184
"../../../Engine/Content/EngineDebugMaterials/M_SimpleUnlitTranslucent.uasset" 185
"../../../Engine/Content/EngineDebugMaterials/M_SimpleUnlitTranslucent.uexp" 186
"../../../Engine/Content/EngineDebugMaterials/VolumeToRender.uasset" 187
"../../../Engine/Content/EngineDebugMaterials/VolumeToRender.uexp" 188
"../../../Engine/Content/Functions/Engine_MaterialFunctions02/Utility/CameraDirectionVector.uasset" 189
"../../../Engine/Content/Functions/Engine_MaterialFunctions02/Utility/CameraDirectionVector.uexp" 190
"../../../Engine/Content/EngineDebugMaterials/M_VolumeRenderSphereTracePP.uasset" 191
"../../../Engine/Content/EngineDebugMaterials/M_VolumeRenderSphereTracePP.uexp" 192
"../../../Engine/Content/Functions/Engine_MaterialFunctions01/Shading/ConvertFromDiffSpec.uasset" 193
"../../../Engine/Content/Functions/Engine_MaterialFunctions01/Shading/ConvertFromDiffSpec.uexp" 194
"../../../Engine/Content/EngineDebugMaterials/VertexColorMaterial.uasset" 195
"../../../Engine/Content/EngineDebugMaterials/VertexColorMaterial.uexp" 196
"../../../Engine/Content/EngineDebugMaterials/WireframeMaterial.uasset" 197
"../../../Engine/Content/EngineDebugMaterials/WireframeMaterial.uexp" 198
"../../../Engine/Content/EngineFonts/Faces/DroidSansFallback.uasset" 199
"../../../Engine/Content/EngineFonts/Faces/DroidSansFallback.uexp" 200
"../../../Engine/Content/EngineFonts/Faces/DroidSansFallback.ufont" 201
"../../../Engine/Content/EngineFonts/Faces/RobotoRegular.uasset" 202
"../../../Engine/Content/EngineFonts/Faces/RobotoRegular.uexp" 203
"../../../Engine/Content/EngineFonts/Faces/RobotoRegular.ufont" 204
"../../../Engine/Content/EngineFonts/Faces/RobotoLight.uasset" 205
"../../../Engine/Content/EngineFonts/Faces/RobotoLight.uexp" 206
"../../../Engine/Content/EngineFonts/Faces/RobotoLight.ufont" 207
"../../../Engine/Content/EngineFonts/Faces/RobotoItalic.uasset" 208
"../../../Engine/Content/EngineFonts/Faces/RobotoItalic.uexp" 209
"../../../Engine/Content/EngineFonts/Faces/RobotoItalic.ufont" 210
"../../../Engine/Content/EngineFonts/Faces/RobotoBoldItalic.uasset" 211
"../../../Engine/Content/EngineFonts/Faces/RobotoBoldItalic.uexp" 212
"../../../Engine/Content/EngineFonts/Faces/RobotoBoldItalic.ufont" 213
"../../../Engine/Content/EngineFonts/Faces/RobotoBold.uasset" 214
"../../../Engine/Content/EngineFonts/Faces/RobotoBold.uexp" 215
"../../../Engine/Content/EngineFonts/Faces/RobotoBold.ufont" 216
"../../../Engine/Content/EngineFonts/Roboto.uasset" 217
"../../../Engine/Content/EngineFonts/Roboto.uexp" 218
"../../../Engine/Content/EngineMaterials/BaseFlattenNormalMap.uasset" 219
"../../../Engine/Content/EngineMaterials/BaseFlattenNormalMap.uexp" 220
"../../../Engine/Content/EngineMaterials/BaseFlattenGrayscaleMap.uasset" 221
"../../../Engine/Content/EngineMaterials/BaseFlattenGrayscaleMap.uexp" 222
"../../../Engine/Content/EngineMaterials/BaseFlattenEmissiveMap.uasset" 223
"../../../Engine/Content/EngineMaterials/BaseFlattenEmissiveMap.uexp" 224
"../../../Engine/Content/EngineMaterials/BaseFlattenDiffuseMap.uasset" 225
"../../../Engine/Content/EngineMaterials/BaseFlattenDiffuseMap.uexp" 226
"../../../Engine/Content/EngineMaterials/BaseFlattenMaterial.uasset" 227
"../../../Engine/Content/EngineMaterials/BaseFlattenMaterial.uexp" 228
"../../../Engine/Content/EngineMaterials/BlueNoise.uasset" 229
"../../../Engine/Content/EngineMaterials/BlueNoise.uexp" 230
"../../../Engine/Content/EngineMaterials/DefaultBloomKernel.uasset" 231
"../../../Engine/Content/EngineMaterials/DefaultBloomKernel.uexp" 232
"../../../Engine/Content/EngineMaterials/DefaultBokeh.uasset" 233
"../../../Engine/Content/EngineMaterials/DefaultBokeh.uexp" 234
"../../../Engine/Content/EngineMaterials/DefaultDiffuse.uasset" 235
"../../../Engine/Content/EngineMaterials/DefaultDiffuse.uexp" 236
"../../../Engine/Content/EngineMaterials/DefaultDiffuse.ubulk" 237
"../../../Engine/Content/EngineMaterials/DefaultDeferredDecalMaterial.uasset" 238
"../../../Engine/Content/EngineMaterials/DefaultDeferredDecalMaterial.uexp" 239
"../../../Engine/Content/EngineMaterials/DefaultLightFunctionMaterial.uasset" 240
"../../../Engine/Content/EngineMaterials/DefaultLightFunctionMaterial.uexp" 241
"../../../Engine/Content/EngineMaterials/DefaultPhysicalMaterial.uasset" 242
"../../../Engine/Content/EngineMaterials/DefaultPhysicalMaterial.uexp" 243
"../../../Engine/Content/Functions/Engine_MaterialFunctions02/Utility/BreakOutFloat2Components.uasset" 244
"../../../Engine/Content/Functions/Engine_MaterialFunctions02/Utility/BreakOutFloat2Components.uexp" 245
"../../../Engine/Content/EngineMaterials/DefaultPostProcessMaterial.uasset" 246
"../../../Engine/Content/EngineMaterials/DefaultPostProcessMaterial.uexp" 247
"../../../Engine/Content/EngineFonts/RobotoDistanceField.uasset" 248
"../../../Engine/Content/EngineFonts/RobotoDistanceField.uexp" 249
"../../../Engine/Content/EngineMaterials/DefaultTextMaterialOpaque.uasset" 250
"../../../Engine/Content/EngineMaterials/DefaultTextMaterialOpaque.uexp" 251
"../../../Engine/Content/EngineMaterials/DefaultWhiteGrid.uasset" 252
"../../../Engine/Content/EngineMaterials/DefaultWhiteGrid.uexp" 253
"../../../Engine/Content/EngineMaterials/DefaultWhiteGrid.ubulk" 254
"../../../Engine/Content/EngineMaterials/DefaultWhiteGrid_Low.uasset" 255
"../../../Engine/Content/EngineMaterials/DefaultWhiteGrid_Low.uexp" 256
"../../../Engine/Content/EngineMaterials/EmissiveMeshMaterial.uasset" 257
"../../../Engine/Content/EngineMaterials/EmissiveMeshMaterial.uexp" 258
"../../../Engine/Content/EngineMaterials/GizmoMaterial.uasset" 259
"../../../Engine/Content/EngineMaterials/GizmoMaterial.uexp" 260
"../../../Engine/Content/EngineMaterials/Good64x64TilingNoiseHighFreq.uasset" 261
"../../../Engine/Content/EngineMaterials/Good64x64TilingNoiseHighFreq.uexp" 262
"../../../Engine/Content/EngineMaterials/MiniFont.uasset" 263
"../../../Engine/Content/EngineMaterials/MiniFont.uexp" 264
"../../../Engine/Content/EngineMaterials/InvalidLightmapSettings.uasset" 265
"../../../Engine/Content/EngineMaterials/InvalidLightmapSettings.uexp" 266
"../../../Engine/Content/EngineMaterials/InvalidLightmapSettings.ubulk" 267
"../../../Engine/Content/EngineMaterials/M_InvalidLightmapSettings.uasset" 268
"../../../Engine/Content/EngineMaterials/M_InvalidLightmapSettings.uexp" 269
"../../../Engine/Content/Functions/Engine_MaterialFunctions02/WorldPositionOffset/CameraOffset.uasset" 270
"../../../Engine/Content/Functions/Engine_MaterialFunctions02/WorldPositionOffset/CameraOffset.uexp" 271
"../../../Engine/Content/EngineMaterials/PhAT_JointLimitMaterial.uasset" 272
"../../../Engine/Content/EngineMaterials/PhAT_JointLimitMaterial.uexp" 273
"../../../Engine/Content/EngineMaterials/DefaultCalibrationColor.uasset" 274
"../../../Engine/Content/EngineMaterials/DefaultCalibrationColor.uexp" 275
"../../../Engine/Content/EngineMaterials/PPM_DefaultCalibrationColor.uasset" 276
"../../../Engine/Content/EngineMaterials/PPM_DefaultCalibrationColor.uexp" 277
"../../../Engine/Content/EngineMaterials/DefaultCalibrationGrayscale.uasset" 278
"../../../Engine/Content/EngineMaterials/DefaultCalibrationGrayscale.uexp" 279
"../../../Engine/Content/EngineMaterials/PPM_DefaultCalibrationGrayscale.uasset" 280
"../../../Engine/Content/EngineMaterials/PPM_DefaultCalibrationGrayscale.uexp" 281
"../../../Engine/Content/EngineMaterials/PreintegratedSkinBRDF.uasset" 282
"../../../Engine/Content/EngineMaterials/PreintegratedSkinBRDF.uexp" 283
"../../../Engine/Content/EngineMaterials/RemoveSurfaceMaterial.uasset" 284
"../../../Engine/Content/EngineMaterials/RemoveSurfaceMaterial.uexp" 285
"../../../Engine/Content/EngineMaterials/WeightMapPlaceholderTexture.uasset" 286
"../../../Engine/Content/EngineMaterials/WeightMapPlaceholderTexture.uexp" 287
"../../../Engine/Content/EngineResources/WhiteSquareTexture.uasset" 288
"../../../Engine/Content/EngineResources/WhiteSquareTexture.uexp" 289
"../../../Engine/Content/EngineMaterials/Widget3DPassThrough.uasset" 290
"../../../Engine/Content/EngineMaterials/Widget3DPassThrough.uexp" 291
"../../../Engine/Content/EngineMaterials/Widget3DPassThrough_Masked.uasset" 292
"../../../Engine/Content/EngineMaterials/Widget3DPassThrough_Masked.uexp" 293
"../../../Engine/Content/EngineMaterials/Widget3DPassThrough_Opaque.uasset" 294
"../../../Engine/Content/EngineMaterials/Widget3DPassThrough_Opaque.uexp" 295
"../../../Engine/Content/EngineMaterials/Widget3DPassThrough_Masked_OneSided.uasset" 296
"../../../Engine/Content/EngineMaterials/Widget3DPassThrough_Masked_OneSided.uexp" 297
"../../../Engine/Content/EngineMaterials/Widget3DPassThrough_Opaque_OneSided.uasset" 298
"../../../Engine/Content/EngineMaterials/Widget3DPassThrough_Opaque_OneSided.uexp" 299
"../../../Engine/Content/EngineMaterials/Widget3DPassThrough_Translucent.uasset" 300
"../../../Engine/Content/EngineMaterials/Widget3DPassThrough_Translucent.uexp" 301
"../../../Engine/Content/EngineMaterials/Widget3DPassThrough_Translucent_OneSided.uasset" 302
"../../../Engine/Content/EngineMaterials/Widget3DPassThrough_Translucent_OneSided.uexp" 303
"../../../Engine/Content/EngineMaterials/DefaultMaterial.uasset" 304
"../../../Engine/Content/EngineMaterials/DefaultMaterial.uexp" 305
"../../../Engine/Content/EngineMeshes/Cylinder.uasset" 306
"../../../Engine/Content/EngineMeshes/Cylinder.uexp" 307
"../../../Engine/Content/EngineMeshes/Sphere.uasset" 308
"../../../Engine/Content/EngineMeshes/Sphere.uexp" 309
"../../../Engine/Content/EngineResources/DefaultTexture.uasset" 310
"../../../Engine/Content/EngineResources/DefaultTexture.uexp" 311
"../../../Engine/Content/EngineResources/DefaultTexture.ubulk" 312
"../../../Engine/Content/EngineResources/DefaultTextureCube.uasset" 313
"../../../Engine/Content/EngineResources/DefaultTextureCube.uexp" 314
"../../../Engine/Content/EngineResources/DefaultVolumeTexture2D.uasset" 315
"../../../Engine/Content/EngineResources/DefaultVolumeTexture2D.uexp" 316
"../../../Engine/Content/EngineResources/DefaultVolumeTexture.uasset" 317
"../../../Engine/Content/EngineResources/DefaultVolumeTexture.uexp" 318
"../../../Engine/Content/EngineResources/GradientTexture0.uasset" 319
"../../../Engine/Content/EngineResources/GradientTexture0.uexp" 320
"../../../Engine/Content/EngineSky/VolumetricClouds/T_NoiseShape64.uasset" 321
"../../../Engine/Content/EngineSky/VolumetricClouds/T_NoiseShape64.uexp" 322
"../../../Engine/Content/EngineSky/VolumetricClouds/T_NoiseShape64.ubulk" 323
"../../../Engine/Content/EngineSky/VolumetricClouds/T_VolumeNoiseShape64.uasset" 324
"../../../Engine/Content/EngineSky/VolumetricClouds/T_VolumeNoiseShape64.uexp" 325
"../../../Engine/Content/EngineSky/VolumetricClouds/T_NoiseErosion.uasset" 326
"../../../Engine/Content/EngineSky/VolumetricClouds/T_NoiseErosion.uexp" 327
"../../../Engine/Content/EngineSky/VolumetricClouds/T_NoiseErosion.ubulk" 328
"../../../Engine/Content/EngineSky/VolumetricClouds/T_VolumeNoiseErosion32.uasset" 329
"../../../Engine/Content/EngineSky/VolumetricClouds/T_VolumeNoiseErosion32.uexp" 330
"../../../Engine/Content/EngineSky/VolumetricClouds/CloudWeatherTexture.uasset" 331
"../../../Engine/Content/EngineSky/VolumetricClouds/CloudWeatherTexture.uexp" 332
"../../../Engine/Content/EngineSky/VolumetricClouds/CloudGradientTexture.uasset" 333
"../../../Engine/Content/EngineSky/VolumetricClouds/CloudGradientTexture.uexp" 334
"../../../Engine/Content/Functions/Engine_MaterialFunctions02/Utility/MakeFloat2.uasset" 335
"../../../Engine/Content/Functions/Engine_MaterialFunctions02/Utility/MakeFloat2.uexp" 336
"../../../Engine/Content/EngineSky/VolumetricClouds/m_SimpleVolumetricCloud.uasset" 337
"../../../Engine/Content/EngineSky/VolumetricClouds/m_SimpleVolumetricCloud.uexp" 338
"../../../Engine/Content/EngineSky/VolumetricClouds/m_SimpleVolumetricCloud_Inst.uasset" 339
"../../../Engine/Content/EngineSky/VolumetricClouds/m_SimpleVolumetricCloud_Inst.uexp" 340
"../../../Engine/Content/EngineSounds/Master.uasset" 341
"../../../Engine/Content/EngineSounds/Master.uexp" 342
"../../../Engine/Content/Functions/Engine_MaterialFunctions01/Shading/PowerToRoughness.uasset" 343
"../../../Engine/Content/Functions/Engine_MaterialFunctions01/Shading/PowerToRoughness.uexp" 344
"../../../Engine/Content/Maps/Templates/Thumbnails/Default.uasset" 345
"../../../Engine/Content/Maps/Templates/Thumbnails/Default.uexp" 346
"../../../Engine/Content/Maps/Templates/Thumbnails/TimeOfDay.uasset" 347
"../../../Engine/Content/Maps/Templates/Thumbnails/TimeOfDay.uexp" 348
"../../../Engine/Content/Maps/Templates/Thumbnails/VR-Basic.uasset" 349
"../../../Engine/Content/Maps/Templates/Thumbnails/VR-Basic.uexp" 350
"../../../Engine/Content/MobileResources/T_MobileControls_texture.uasset" 351
"../../../Engine/Content/MobileResources/T_MobileControls_texture.uexp" 352
"../../../Engine/Content/MobileResources/T_MobileMenu2.uasset" 353
"../../../Engine/Content/MobileResources/T_MobileMenu2.uexp" 354
"../../../Engine/Content/MobileResources/HUD/AnalogHat.uasset" 355
"../../../Engine/Content/MobileResources/HUD/AnalogHat.uexp" 356
"../../../Engine/Content/MobileResources/HUD/VirtualJoystick_Thumb.uasset" 357
"../../../Engine/Content/MobileResources/HUD/VirtualJoystick_Thumb.uexp" 358
"../../../Engine/Content/MobileResources/HUD/VirtualJoystick_Background.uasset" 359
"../../../Engine/Content/MobileResources/HUD/VirtualJoystick_Background.uexp" 360
"../../../Engine/Content/MobileResources/HUD/DefaultVirtualJoysticks.uasset" 361
"../../../Engine/Content/MobileResources/HUD/DefaultVirtualJoysticks.uexp" 362
"../../../Engine/Content/MobileResources/HUD/LeftVirtualJoystickOnly.uasset" 363
"../../../Engine/Content/MobileResources/HUD/LeftVirtualJoystickOnly.uexp" 364
"../../../Engine/Content/MobileResources/HUD/MobileHUDButton1_off.uasset" 365
"../../../Engine/Content/MobileResources/HUD/MobileHUDButton1_off.uexp" 366
"../../../Engine/Content/MobileResources/HUD/MobileHUDButton1_on.uasset" 367
"../../../Engine/Content/MobileResources/HUD/MobileHUDButton1_on.uexp" 368
"../../../Engine/Content/MobileResources/HUD/MobileHUDButton2_off.uasset" 369
"../../../Engine/Content/MobileResources/HUD/MobileHUDButton2_off.uexp" 370
"../../../Engine/Content/MobileResources/HUD/MobileHUDButton2_on.uasset" 371
"../../../Engine/Content/MobileResources/HUD/MobileHUDButton2_on.uexp" 372
"../../../Engine/Content/MobileResources/HUD/MobileHUDButton3.uasset" 373
"../../../Engine/Content/MobileResources/HUD/MobileHUDButton3.uexp" 374
"../../../Engine/Content/MobileResources/HUD/MobileHUDButtonFire.uasset" 375
"../../../Engine/Content/MobileResources/HUD/MobileHUDButtonFire.uexp" 376
"../../../Engine/Content/MobileResources/HUD/MobileHUDDirectionPad.uasset" 377
"../../../Engine/Content/MobileResources/HUD/MobileHUDDirectionPad.uexp" 378
"../../../Engine/Content/MobileResources/HUD/MobileHUDDirectionPad2.uasset" 379
"../../../Engine/Content/MobileResources/HUD/MobileHUDDirectionPad2.uexp" 380
"../../../Engine/Content/MobileResources/HUD/MobileHUDDirectionPad3.uasset" 381
"../../../Engine/Content/MobileResources/HUD/MobileHUDDirectionPad3.uexp" 382
"../../../Engine/Content/MobileResources/HUD/MobileHUDDirectionStick.uasset" 383
"../../../Engine/Content/MobileResources/HUD/MobileHUDDirectionStick.uexp" 384
"../../../Engine/Content/MobileResources/HUD/T_Castle_ThumbstickInner.uasset" 385
"../../../Engine/Content/MobileResources/HUD/T_Castle_ThumbstickInner.uexp" 386
"../../../Engine/Content/MobileResources/HUD/T_Castle_ThumbstickOutter.uasset" 387
"../../../Engine/Content/MobileResources/HUD/T_Castle_ThumbstickOutter.uexp" 388
"../../../Engine/Content/Tutorial/ContentIntroCurve.uasset" 389
"../../../Engine/Content/Tutorial/ContentIntroCurve.uexp" 390
"../../../Engine/Content/VREditor/TransformGizmo/TranslucentTransformGizmoMaterial.uasset" 391
"../../../Engine/Content/VREditor/TransformGizmo/TranslucentTransformGizmoMaterial.uexp" 392
"../../../Engine/Content/VREditor/LaserPointer/VR_LaserPower_01.uasset" 393
"../../../Engine/Content/VREditor/LaserPointer/VR_LaserPower_01.uexp" 394
"../../../Engine/Content/VREditor/LaserPointer/VR_LaserPower_01.ubulk" 395
"../../../Engine/Content/VREditor/TransformGizmo/TransformGizmoMaterial.uasset" 396
"../../../Engine/Content/VREditor/TransformGizmo/TransformGizmoMaterial.uexp" 397
"../../../Engine/Content/VREditor/TransformGizmo/BoundingBoxCorner.uasset" 398
"../../../Engine/Content/VREditor/TransformGizmo/BoundingBoxCorner.uexp" 399
"../../../Engine/Content/VREditor/TransformGizmo/BoundingBoxEdge.uasset" 400
"../../../Engine/Content/VREditor/TransformGizmo/BoundingBoxEdge.uexp" 401
"../../../Engine/Content/VREditor/TransformGizmo/PlaneTranslationHandle.uasset" 402
"../../../Engine/Content/VREditor/TransformGizmo/PlaneTranslationHandle.uexp" 403
"../../../Engine/Content/VREditor/TransformGizmo/Xray.uasset" 404
"../../../Engine/Content/VREditor/TransformGizmo/Xray.uexp" 405
"../../../Engine/Content/VREditor/TransformGizmo/Main.uasset" 406
"../../../Engine/Content/VREditor/TransformGizmo/Main.uexp" 407
"../../../Engine/Content/VREditor/TransformGizmo/SM_Sequencer_Key.uasset" 408
"../../../Engine/Content/VREditor/TransformGizmo/SM_Sequencer_Key.uexp" 409
"../../../Engine/Content/VREditor/TransformGizmo/SM_Sequencer_Node.uasset" 410
"../../../Engine/Content/VREditor/TransformGizmo/SM_Sequencer_Node.uexp" 411
"../../../Engine/Plugins/2D/Paper2D/Content/PlaceholderTextures/DummySpriteTexture.uasset" 412
"../../../Engine/Plugins/2D/Paper2D/Content/PlaceholderTextures/DummySpriteTexture.uexp" 413
"../../../Engine/Plugins/2D/Paper2D/Content/PlaceholderTextures/DummySpriteTexture.ubulk" 414
"../../../Engine/Plugins/2D/Paper2D/Content/DummySprite.uasset" 415
"../../../Engine/Plugins/2D/Paper2D/Content/DummySprite.uexp" 416
"../../../Engine/Plugins/2D/Paper2D/Content/DefaultPaperTerrainMaterial.uasset" 417
"../../../Engine/Plugins/2D/Paper2D/Content/DefaultPaperTerrainMaterial.uexp" 418
"../../../Engine/Plugins/2D/Paper2D/Content/DefaultSpriteMaterial.uasset" 419
"../../../Engine/Plugins/2D/Paper2D/Content/DefaultSpriteMaterial.uexp" 420
"../../../Engine/Plugins/2D/Paper2D/Content/MaskedUnlitSpriteMaterial.uasset" 421
"../../../Engine/Plugins/2D/Paper2D/Content/MaskedUnlitSpriteMaterial.uexp" 422
"../../../Engine/Plugins/2D/Paper2D/Content/OpaqueUnlitSpriteMaterial.uasset" 423
"../../../Engine/Plugins/2D/Paper2D/Content/OpaqueUnlitSpriteMaterial.uexp" 424
"../../../Engine/Content/Functions/Engine_MaterialFunctions02/Utility/BreakOutFloat3Components.uasset" 425
"../../../Engine/Content/Functions/Engine_MaterialFunctions02/Utility/BreakOutFloat3Components.uexp" 426
"../../../Engine/Plugins/Editor/SpeedTreeImporter/Content/SpeedTree9/UnpackInteger3.uasset" 427
"../../../Engine/Plugins/Editor/SpeedTreeImporter/Content/SpeedTree9/UnpackInteger3.uexp" 428
"../../../Engine/Plugins/Editor/SpeedTreeImporter/Content/SpeedTree9/UnpackDirection.uasset" 429
"../../../Engine/Plugins/Editor/SpeedTreeImporter/Content/SpeedTree9/UnpackDirection.uexp" 430
"../../../Engine/Plugins/Editor/SpeedTreeImporter/Content/SpeedTree9/game_wind_noise.uasset" 431
"../../../Engine/Plugins/Editor/SpeedTreeImporter/Content/SpeedTree9/game_wind_noise.uexp" 432
"../../../Engine/Plugins/Editor/SpeedTreeImporter/Content/SpeedTree9/game_wind_noise.ubulk" 433
"../../../Engine/Content/Functions/Engine_MaterialFunctions02/SafeNormalize.uasset" 434
"../../../Engine/Content/Functions/Engine_MaterialFunctions02/SafeNormalize.uexp" 435
"../../../Engine/Plugins/Editor/SpeedTreeImporter/Content/SpeedTree9/SpeedTreeWindMotion.uasset" 436
"../../../Engine/Plugins/Editor/SpeedTreeImporter/Content/SpeedTree9/SpeedTreeWindMotion.uexp" 437
"../../../Engine/Plugins/Editor/SpeedTreeImporter/Content/SpeedTree9/SpeedTreeBranchMotion.uasset" 438
"../../../Engine/Plugins/Editor/SpeedTreeImporter/Content/SpeedTree9/SpeedTreeBranchMotion.uexp" 439
"../../../Engine/Content/Functions/Engine_MaterialFunctions02/ObjectLocalBounds.uasset" 440
"../../../Engine/Content/Functions/Engine_MaterialFunctions02/ObjectLocalBounds.uexp" 441
"../../../Engine/Content/Functions/Engine_MaterialFunctions02/UVs/BoundingBoxBased_0-1_UVW.uasset" 442
"../../../Engine/Content/Functions/Engine_MaterialFunctions02/UVs/BoundingBoxBased_0-1_UVW.uexp" 443
"../../../Engine/Content/Functions/Engine_MaterialFunctions02/Utility/VectorLength.uasset" 444
"../../../Engine/Content/Functions/Engine_MaterialFunctions02/Utility/VectorLength.uexp" 445
"../../../Engine/Content/Functions/Engine_MaterialFunctions02/WorldPositionOffset/ObjectScale.uasset" 446
"../../../Engine/Content/Functions/Engine_MaterialFunctions02/WorldPositionOffset/ObjectScale.uexp" 447
"../../../Engine/Plugins/Editor/SpeedTreeImporter/Content/SpeedTree9/SpeedTreeWind.uasset" 448
"../../../Engine/Plugins/Editor/SpeedTreeImporter/Content/SpeedTree9/SpeedTreeWind.uexp" 449
"../../../Engine/Plugins/Editor/SpeedTreeImporter/Content/SpeedTree9/SpeedTreeBillboard.uasset" 450
"../../../Engine/Plugins/Editor/SpeedTreeImporter/Content/SpeedTree9/SpeedTreeBillboard.uexp" 451
"../../../Engine/Plugins/Editor/SpeedTreeImporter/Content/SpeedTree9/EmptyNormal.uasset" 452
"../../../Engine/Plugins/Editor/SpeedTreeImporter/Content/SpeedTree9/EmptyNormal.uexp" 453
"../../../Engine/Plugins/Editor/SpeedTreeImporter/Content/SpeedTree9/Empty.uasset" 454
"../../../Engine/Plugins/Editor/SpeedTreeImporter/Content/SpeedTree9/Empty.uexp" 455
"../../../Engine/Plugins/Editor/SpeedTreeImporter/Content/SpeedTree9/SpeedTreeBillboardMaster.uasset" 456
"../../../Engine/Plugins/Editor/SpeedTreeImporter/Content/SpeedTree9/SpeedTreeBillboardMaster.uexp" 457
"../../../Engine/Plugins/Editor/SpeedTreeImporter/Content/SpeedTree9/SpeedTreeCameraFacing.uasset" 458
"../../../Engine/Plugins/Editor/SpeedTreeImporter/Content/SpeedTree9/SpeedTreeCameraFacing.uexp" 459
"../../../Engine/Plugins/Editor/SpeedTreeImporter/Content/SpeedTree9/SpeedTreeMaster.uasset" 460
"../../../Engine/Plugins/Editor/SpeedTreeImporter/Content/SpeedTree9/SpeedTreeMaster.uexp" 461
"../../../Engine/Content/BasicShapes/Cylinder.uasset" 462
"../../../Engine/Content/BasicShapes/Cylinder.uexp" 463
"../../../Engine/Content/ArtTools/RenderToTexture/Materials/Debug/M_Emissive_Color.uasset" 464
"../../../Engine/Content/ArtTools/RenderToTexture/Materials/Debug/M_Emissive_Color.uexp" 465
"../../../Engine/Plugins/Lumin/MagicLeapPassableWorld/Content/MagicLeapARPinInfoActor.uasset" 466
"../../../Engine/Plugins/Lumin/MagicLeapPassableWorld/Content/MagicLeapARPinInfoActor.uexp" 467
"../../../Engine/Plugins/Runtime/OpenXR/Content/Devices/GoogleDaydream/MRTexture.uasset" 468
"../../../Engine/Plugins/Runtime/OpenXR/Content/Devices/GoogleDaydream/MRTexture.uexp" 469
"../../../Engine/Plugins/Runtime/OpenXR/Content/Devices/GoogleDaydream/MRTexture.ubulk" 470
"../../../Engine/Plugins/Runtime/OpenXR/Content/Devices/GoogleDaydream/BaseTexture.uasset" 471
"../../../Engine/Plugins/Runtime/OpenXR/Content/Devices/GoogleDaydream/BaseTexture.uexp" 472
"../../../Engine/Plugins/Runtime/OpenXR/Content/Devices/GoogleDaydream/BaseTexture.ubulk" 473
"../../../Engine/Content/EngineResources/Black.uasset" 474
"../../../Engine/Content/EngineResources/Black.uexp" 475
"../../../Engine/Plugins/Runtime/OpenXR/Content/Devices/M_XRController.uasset" 476
"../../../Engine/Plugins/Runtime/OpenXR/Content/Devices/M_XRController.uexp" 477
"../../../Engine/Plugins/Runtime/OpenXR/Content/Devices/GoogleDaydream/MI_GoogleDaydream.uasset" 478
"../../../Engine/Plugins/Runtime/OpenXR/Content/Devices/GoogleDaydream/MI_GoogleDaydream.uexp" 479
"../../../Engine/Plugins/Runtime/OpenXR/Content/Devices/GoogleDaydream/GoogleDaydreamController.uasset" 480
"../../../Engine/Plugins/Runtime/OpenXR/Content/Devices/GoogleDaydream/GoogleDaydreamController.uexp" 481
"../../../Engine/Plugins/Runtime/OpenXR/Content/Devices/HTCVive/BaseTexture.uasset" 482
"../../../Engine/Plugins/Runtime/OpenXR/Content/Devices/HTCVive/BaseTexture.uexp" 483
"../../../Engine/Plugins/Runtime/OpenXR/Content/Devices/HTCVive/BaseTexture.ubulk" 484
"../../../Engine/Plugins/Runtime/OpenXR/Content/Devices/HTCVive/MI_HTCVive.uasset" 485
"../../../Engine/Plugins/Runtime/OpenXR/Content/Devices/HTCVive/MI_HTCVive.uexp" 486
"../../../Engine/Plugins/Runtime/OpenXR/Content/Devices/HTCVive/HTCViveController.uasset" 487
"../../../Engine/Plugins/Runtime/OpenXR/Content/Devices/HTCVive/HTCViveController.uexp" 488
"../../../Engine/Plugins/Runtime/OpenXR/Content/Devices/MicrosoftMixedReality/NormalTexture.uasset" 489
"../../../Engine/Plugins/Runtime/OpenXR/Content/Devices/MicrosoftMixedReality/NormalTexture.uexp" 490
"../../../Engine/Plugins/Runtime/OpenXR/Content/Devices/MicrosoftMixedReality/NormalTexture.ubulk" 491
"../../../Engine/Plugins/Runtime/OpenXR/Content/Devices/MicrosoftMixedReality/MRTexture.uasset" 492
"../../../Engine/Plugins/Runtime/OpenXR/Content/Devices/MicrosoftMixedReality/MRTexture.uexp" 493
"../../../Engine/Plugins/Runtime/OpenXR/Content/Devices/MicrosoftMixedReality/MRTexture.ubulk" 494
"../../../Engine/Plugins/Runtime/OpenXR/Content/Devices/MicrosoftMixedReality/EmissiveTexture.uasset" 495
"../../../Engine/Plugins/Runtime/OpenXR/Content/Devices/MicrosoftMixedReality/EmissiveTexture.uexp" 496
"../../../Engine/Plugins/Runtime/OpenXR/Content/Devices/MicrosoftMixedReality/EmissiveTexture.ubulk" 497
"../../../Engine/Plugins/Runtime/OpenXR/Content/Devices/MicrosoftMixedReality/BaseTexture.uasset" 498
"../../../Engine/Plugins/Runtime/OpenXR/Content/Devices/MicrosoftMixedReality/BaseTexture.uexp" 499
"../../../Engine/Plugins/Runtime/OpenXR/Content/Devices/MicrosoftMixedReality/BaseTexture.ubulk" 500
"../../../Engine/Plugins/Runtime/OpenXR/Content/Devices/MicrosoftMixedReality/MI_MicrosoftMixedReality.uasset" 501
"../../../Engine/Plugins/Runtime/OpenXR/Content/Devices/MicrosoftMixedReality/MI_MicrosoftMixedReality.uexp" 502
"../../../Engine/Plugins/Runtime/OpenXR/Content/Devices/MicrosoftMixedReality/Left/left_MicrosoftMixedRealityController.uasset" 503
"../../../Engine/Plugins/Runtime/OpenXR/Content/Devices/MicrosoftMixedReality/Left/left_MicrosoftMixedRealityController.uexp" 504
"../../../Engine/Plugins/Runtime/OpenXR/Content/Devices/MicrosoftMixedReality/Right/right_MicrosoftMixedRealityController.uasset" 505
"../../../Engine/Plugins/Runtime/OpenXR/Content/Devices/MicrosoftMixedReality/Right/right_MicrosoftMixedRealityController.uexp" 506
"../../../Engine/Plugins/Runtime/OpenXR/Content/Devices/OculusGo/BaseTexture.uasset" 507
"../../../Engine/Plugins/Runtime/OpenXR/Content/Devices/OculusGo/BaseTexture.uexp" 508
"../../../Engine/Plugins/Runtime/OpenXR/Content/Devices/OculusGo/BaseTexture.ubulk" 509
"../../../Engine/Plugins/Runtime/OpenXR/Content/Devices/OculusGo/MI_OculusGo.uasset" 510
"../../../Engine/Plugins/Runtime/OpenXR/Content/Devices/OculusGo/MI_OculusGo.uexp" 511
"../../../Engine/Plugins/Runtime/OpenXR/Content/Devices/OculusGo/OculusGoController.uasset" 512
"../../../Engine/Plugins/Runtime/OpenXR/Content/Devices/OculusGo/OculusGoController.uexp" 513
"../../../Engine/Plugins/Runtime/OpenXR/Content/Devices/OculusTouch/MRTexture.uasset" 514
"../../../Engine/Plugins/Runtime/OpenXR/Content/Devices/OculusTouch/MRTexture.uexp" 515
"../../../Engine/Plugins/Runtime/OpenXR/Content/Devices/OculusTouch/MRTexture.ubulk" 516
"../../../Engine/Plugins/Runtime/OpenXR/Content/Devices/OculusTouch/BaseTexture.uasset" 517
"../../../Engine/Plugins/Runtime/OpenXR/Content/Devices/OculusTouch/BaseTexture.uexp" 518
"../../../Engine/Plugins/Runtime/OpenXR/Content/Devices/OculusTouch/BaseTexture.ubulk" 519
"../../../Engine/Plugins/Runtime/OpenXR/Content/Devices/OculusTouch/MI_OculusTouch.uasset" 520
"../../../Engine/Plugins/Runtime/OpenXR/Content/Devices/OculusTouch/MI_OculusTouch.uexp" 521
"../../../Engine/Plugins/Runtime/OpenXR/Content/Devices/OculusTouch/Left/left_OculusTouchController.uasset" 522
"../../../Engine/Plugins/Runtime/OpenXR/Content/Devices/OculusTouch/Left/left_OculusTouchController.uexp" 523
"../../../Engine/Plugins/Runtime/OpenXR/Content/Devices/OculusTouch/Right/right_OculusTouchController.uasset" 524
"../../../Engine/Plugins/Runtime/OpenXR/Content/Devices/OculusTouch/Right/right_OculusTouchController.uexp" 525
"../../../Engine/Plugins/Runtime/OpenXR/Content/Devices/OculusTouch_v2/MRTexture.uasset" 526
"../../../Engine/Plugins/Runtime/OpenXR/Content/Devices/OculusTouch_v2/MRTexture.uexp" 527
"../../../Engine/Plugins/Runtime/OpenXR/Content/Devices/OculusTouch_v2/MRTexture.ubulk" 528
"../../../Engine/Plugins/Runtime/OpenXR/Content/Devices/OculusTouch_v2/BaseTexture.uasset" 529
"../../../Engine/Plugins/Runtime/OpenXR/Content/Devices/OculusTouch_v2/BaseTexture.uexp" 530
"../../../Engine/Plugins/Runtime/OpenXR/Content/Devices/OculusTouch_v2/BaseTexture.ubulk" 531
"../../../Engine/Plugins/Runtime/OpenXR/Content/Devices/OculusTouch_v2/MI_OculusTouch_v2.uasset" 532
"../../../Engine/Plugins/Runtime/OpenXR/Content/Devices/OculusTouch_v2/MI_OculusTouch_v2.uexp" 533
"../../../Engine/Plugins/Runtime/OpenXR/Content/Devices/OculusTouch_v2/Left/left_OculusTouch_v2Controller.uasset" 534
"../../../Engine/Plugins/Runtime/OpenXR/Content/Devices/OculusTouch_v2/Left/left_OculusTouch_v2Controller.uexp" 535
"../../../Engine/Plugins/Runtime/OpenXR/Content/Devices/OculusTouch_v2/Right/right_OculusTouch_v2Controller.uasset" 536
"../../../Engine/Plugins/Runtime/OpenXR/Content/Devices/OculusTouch_v2/Right/right_OculusTouch_v2Controller.uexp" 537
"../../../Engine/Plugins/Runtime/OpenXR/Content/Devices/OculusTouch_v3/MRTexture.uasset" 538
"../../../Engine/Plugins/Runtime/OpenXR/Content/Devices/OculusTouch_v3/MRTexture.uexp" 539
"../../../Engine/Plugins/Runtime/OpenXR/Content/Devices/OculusTouch_v3/MRTexture.ubulk" 540
"../../../Engine/Plugins/Runtime/OpenXR/Content/Devices/OculusTouch_v3/BaseTexture.uasset" 541
"../../../Engine/Plugins/Runtime/OpenXR/Content/Devices/OculusTouch_v3/BaseTexture.uexp" 542
"../../../Engine/Plugins/Runtime/OpenXR/Content/Devices/OculusTouch_v3/BaseTexture.ubulk" 543
"../../../Engine/Plugins/Runtime/OpenXR/Content/Devices/OculusTouch_v3/MI_OculusTouch_v3.uasset" 544
"../../../Engine/Plugins/Runtime/OpenXR/Content/Devices/OculusTouch_v3/MI_OculusTouch_v3.uexp" 545
"../../../Engine/Plugins/Runtime/OpenXR/Content/Devices/OculusTouch_v3/Left/left_OculusTouch_v3Controller.uasset" 546
"../../../Engine/Plugins/Runtime/OpenXR/Content/Devices/OculusTouch_v3/Left/left_OculusTouch_v3Controller.uexp" 547
"../../../Engine/Plugins/Runtime/OpenXR/Content/Devices/OculusTouch_v3/Right/right_OculusTouch_v3Controller.uasset" 548
"../../../Engine/Plugins/Runtime/OpenXR/Content/Devices/OculusTouch_v3/Right/right_OculusTouch_v3Controller.uexp" 549
"../../../Engine/Plugins/Runtime/OpenXR/Content/Devices/ValveIndex/MRTexture.uasset" 550
"../../../Engine/Plugins/Runtime/OpenXR/Content/Devices/ValveIndex/MRTexture.uexp" 551
"../../../Engine/Plugins/Runtime/OpenXR/Content/Devices/ValveIndex/MRTexture.ubulk" 552
"../../../Engine/Plugins/Runtime/OpenXR/Content/Devices/ValveIndex/BaseTexture.uasset" 553
"../../../Engine/Plugins/Runtime/OpenXR/Content/Devices/ValveIndex/BaseTexture.uexp" 554
"../../../Engine/Plugins/Runtime/OpenXR/Content/Devices/ValveIndex/BaseTexture.ubulk" 555
"../../../Engine/Plugins/Runtime/OpenXR/Content/Devices/ValveIndex/Left/MI_left_ValveIndex.uasset" 556
"../../../Engine/Plugins/Runtime/OpenXR/Content/Devices/ValveIndex/Left/MI_left_ValveIndex.uexp" 557
"../../../Engine/Plugins/Runtime/OpenXR/Content/Devices/ValveIndex/Left/left_ValveIndexController.uasset" 558
"../../../Engine/Plugins/Runtime/OpenXR/Content/Devices/ValveIndex/Left/left_ValveIndexController.uexp" 559
"../../../Engine/Plugins/Runtime/OpenXR/Content/Devices/ValveIndex/Right/MI_right_ValveIndex.uasset" 560
"../../../Engine/Plugins/Runtime/OpenXR/Content/Devices/ValveIndex/Right/MI_right_ValveIndex.uexp" 561
"../../../Engine/Plugins/Runtime/OpenXR/Content/Devices/ValveIndex/Right/right_ValveIndexController.uasset" 562
"../../../Engine/Plugins/Runtime/OpenXR/Content/Devices/ValveIndex/Right/right_ValveIndexController.uexp" 563
"../../../Engine/Content/Functions/Engine_MaterialFunctions02/Utility/BreakOutFloat4Components.uasset" 564
"../../../Engine/Content/Functions/Engine_MaterialFunctions02/Utility/BreakOutFloat4Components.uexp" 565
"../../../Engine/Content/Functions/Engine_MaterialFunctions02/Utility/MakeFloat3.uasset" 566
"../../../Engine/Content/Functions/Engine_MaterialFunctions02/Utility/MakeFloat3.uexp" 567
"../../../Engine/Plugins/Runtime/Oculus/OculusVR/Content/Materials/OculusMR_ChromaKey.uasset" 568
"../../../Engine/Plugins/Runtime/Oculus/OculusVR/Content/Materials/OculusMR_ChromaKey.uexp" 569
"../../../Engine/Plugins/Runtime/Oculus/OculusVR/Content/Materials/OculusMR_OpaqueColoredMaterial.uasset" 570
"../../../Engine/Plugins/Runtime/Oculus/OculusVR/Content/Materials/OculusMR_OpaqueColoredMaterial.uexp" 571
"../../../Engine/Plugins/Runtime/Oculus/OculusVR/Content/Materials/PokeAHoleMaterial.uasset" 572
"../../../Engine/Plugins/Runtime/Oculus/OculusVR/Content/Materials/PokeAHoleMaterial.uexp" 573
"../../../Engine/Plugins/Runtime/Oculus/OculusVR/Content/Textures/touchController_controlmap.uasset" 574
"../../../Engine/Plugins/Runtime/Oculus/OculusVR/Content/Textures/touchController_controlmap.uexp" 575
"../../../Engine/Plugins/Runtime/Oculus/OculusVR/Content/Textures/touchController_controlmap.ubulk" 576
"../../../Engine/Plugins/Runtime/Oculus/OculusVR/Content/Textures/touchController_albedo.uasset" 577
"../../../Engine/Plugins/Runtime/Oculus/OculusVR/Content/Textures/touchController_albedo.uexp" 578
"../../../Engine/Plugins/Runtime/Oculus/OculusVR/Content/Textures/touchController_albedo.ubulk" 579
"../../../Engine/Plugins/Runtime/Oculus/OculusVR/Content/Materials/touchController_mat.uasset" 580
"../../../Engine/Plugins/Runtime/Oculus/OculusVR/Content/Materials/touchController_mat.uexp" 581
"../../../Engine/Plugins/Runtime/Oculus/OculusVR/Content/Meshes/LeftTouchController.uasset" 582
"../../../Engine/Plugins/Runtime/Oculus/OculusVR/Content/Meshes/LeftTouchController.uexp" 583
"../../../Engine/Plugins/Runtime/Oculus/OculusVR/Content/Textures/TouchForQuestRiftSController_albedo.uasset" 584
"../../../Engine/Plugins/Runtime/Oculus/OculusVR/Content/Textures/TouchForQuestRiftSController_albedo.uexp" 585
"../../../Engine/Plugins/Runtime/Oculus/OculusVR/Content/Textures/TouchForQuestRiftSController_albedo.ubulk" 586
"../../../Engine/Plugins/Runtime/Oculus/OculusVR/Content/Materials/TouchForQuestRiftSControllerMaterial.uasset" 587
"../../../Engine/Plugins/Runtime/Oculus/OculusVR/Content/Materials/TouchForQuestRiftSControllerMaterial.uexp" 588
"../../../Engine/Plugins/Runtime/Oculus/OculusVR/Content/Meshes/LeftTouchForQuestRiftSController.uasset" 589
"../../../Engine/Plugins/Runtime/Oculus/OculusVR/Content/Meshes/LeftTouchForQuestRiftSController.uexp" 590
"../../../Engine/Plugins/Runtime/Oculus/OculusVR/Content/Meshes/RiftHMD.uasset" 591
"../../../Engine/Plugins/Runtime/Oculus/OculusVR/Content/Meshes/RiftHMD.uexp" 592
"../../../Engine/Plugins/Runtime/Oculus/OculusVR/Content/Meshes/RightTouchController.uasset" 593
"../../../Engine/Plugins/Runtime/Oculus/OculusVR/Content/Meshes/RightTouchController.uexp" 594
"../../../Engine/Plugins/Runtime/Oculus/OculusVR/Content/Meshes/RightTouchForQuestRiftSController.uasset" 595
"../../../Engine/Plugins/Runtime/Oculus/OculusVR/Content/Meshes/RightTouchForQuestRiftSController.uexp" 596
"C:/Users/talls/Documents/Unreal Projects/DraggingSystem/Content/UnrealDefault/Geometry/Meshes/1M_Cube.uasset" 597
"C:/Users/talls/Documents/Unreal Projects/DraggingSystem/Content/UnrealDefault/Geometry/Meshes/1M_Cube.uexp" 598
"../../../Engine/Content/EngineSky/T_Sky_Stars.uasset" 599
"../../../Engine/Content/EngineSky/T_Sky_Stars.uexp" 600
"../../../Engine/Content/EngineSky/T_Sky_Stars.ubulk" 601
"../../../Engine/Content/EngineSky/T_Sky_Clouds_M.uasset" 602
"../../../Engine/Content/EngineSky/T_Sky_Clouds_M.uexp" 603
"../../../Engine/Content/EngineSky/T_Sky_Clouds_M.ubulk" 604
"../../../Engine/Content/EngineSky/T_Sky_Blue.uasset" 605
"../../../Engine/Content/EngineSky/T_Sky_Blue.uexp" 606
"../../../Engine/Content/EngineSky/T_Sky_Blue.ubulk" 607
"../../../Engine/Content/BasicShapes/Sphere.uasset" 608
"../../../Engine/Content/BasicShapes/Sphere.uexp" 609
"../../../Engine/Content/BasicShapes/Cube.uasset" 610
"../../../Engine/Content/BasicShapes/Cube.uexp" 611
"../../../Engine/Content/BasicShapes/Cone.uasset" 612
"../../../Engine/Content/BasicShapes/Cone.uexp" 613
"../../../Engine/Content/EngineSky/M_Sky_Panning_Clouds2.uasset" 614
"../../../Engine/Content/EngineSky/M_Sky_Panning_Clouds2.uexp" 615
"../../../Engine/Content/BasicShapes/BasicShapeMaterial.uasset" 616
"../../../Engine/Content/BasicShapes/BasicShapeMaterial.uexp" 617
"C:/Users/talls/Documents/Unreal Projects/DraggingSystem/Content/UnrealDefault/FirstPersonBP/Maps/FirstPersonExampleMap_BuiltData.uasset" 618
"C:/Users/talls/Documents/Unreal Projects/DraggingSystem/Content/UnrealDefault/FirstPersonBP/Maps/FirstPersonExampleMap_BuiltData.uexp" 619
"C:/Users/talls/Documents/Unreal Projects/DraggingSystem/Content/UnrealDefault/FirstPersonBP/Maps/FirstPersonExampleMap_BuiltData.ubulk" 620
"../../../Engine/Content/EngineSky/SM_SkySphere.uasset" 621
"../../../Engine/Content/EngineSky/SM_SkySphere.uexp" 622
"../../../Engine/Content/EngineSky/C_Sky_Zenith_Color.uasset" 623
"../../../Engine/Content/EngineSky/C_Sky_Zenith_Color.uexp" 624
"../../../Engine/Content/EngineSky/C_Sky_Horizon_Color.uasset" 625
"../../../Engine/Content/EngineSky/C_Sky_Horizon_Color.uexp" 626
"../../../Engine/Content/EngineSky/C_Sky_Cloud_Color.uasset" 627
"../../../Engine/Content/EngineSky/C_Sky_Cloud_Color.uexp" 628
"../../../Engine/Content/EditorBlueprintResources/StandardMacros.uasset" 629
"../../../Engine/Content/EditorBlueprintResources/StandardMacros.uexp" 630
"../../../Engine/Content/EngineSky/BP_Sky_Sphere.uasset" 631
"../../../Engine/Content/EngineSky/BP_Sky_Sphere.uexp" 632
"C:/Users/talls/Documents/Unreal Projects/DraggingSystem/Content/UnrealDefault/FirstPerson/Textures/crosshair.uasset" 633
"C:/Users/talls/Documents/Unreal Projects/DraggingSystem/Content/UnrealDefault/FirstPerson/Textures/crosshair.uexp" 634
"C:/Users/talls/Documents/Unreal Projects/DraggingSystem/Content/UnrealDefault/FirstPerson/Textures/crosshair.ubulk" 635
"C:/Users/talls/Documents/Unreal Projects/DraggingSystem/Content/UnrealDefault/FirstPersonBP/Blueprints/FirstPersonHUD.uasset" 636
"C:/Users/talls/Documents/Unreal Projects/DraggingSystem/Content/UnrealDefault/FirstPersonBP/Blueprints/FirstPersonHUD.uexp" 637
"C:/Users/talls/Documents/Unreal Projects/DraggingSystem/Content/UnrealDefault/FirstPerson/Character/Mesh/SK_Mannequin_Arms_PhysicsAsset.uasset" 638
"C:/Users/talls/Documents/Unreal Projects/DraggingSystem/Content/UnrealDefault/FirstPerson/Character/Mesh/SK_Mannequin_Arms_PhysicsAsset.uexp" 639
"C:/Users/talls/Documents/Unreal Projects/DraggingSystem/Content/UnrealDefault/FirstPerson/Character/Textures/UE4_Mannequin_MAT_MASKA.uasset" 640
"C:/Users/talls/Documents/Unreal Projects/DraggingSystem/Content/UnrealDefault/FirstPerson/Character/Textures/UE4_Mannequin_MAT_MASKA.uexp" 641
"C:/Users/talls/Documents/Unreal Projects/DraggingSystem/Content/UnrealDefault/FirstPerson/Character/Textures/UE4_Mannequin_MAT_MASKA.ubulk" 642
"C:/Users/talls/Documents/Unreal Projects/DraggingSystem/Content/UnrealDefault/FirstPerson/Character/Textures/UE4_Mannequin__normals.uasset" 643
"C:/Users/talls/Documents/Unreal Projects/DraggingSystem/Content/UnrealDefault/FirstPerson/Character/Textures/UE4_Mannequin__normals.uexp" 644
"C:/Users/talls/Documents/Unreal Projects/DraggingSystem/Content/UnrealDefault/FirstPerson/Character/Textures/UE4_Mannequin__normals.ubulk" 645
"C:/Users/talls/Documents/Unreal Projects/DraggingSystem/Content/UnrealDefault/FirstPerson/Character/Textures/UE4_LOGO_CARD.uasset" 646
"C:/Users/talls/Documents/Unreal Projects/DraggingSystem/Content/UnrealDefault/FirstPerson/Character/Textures/UE4_LOGO_CARD.uexp" 647
"C:/Users/talls/Documents/Unreal Projects/DraggingSystem/Content/UnrealDefault/FirstPerson/Character/Textures/UE4_LOGO_CARD.ubulk" 648
"C:/Users/talls/Documents/Unreal Projects/DraggingSystem/Content/UnrealDefault/FirstPerson/Character/Materials/MaterialLayers/T_ML_Rubber_Blue_01_N.uasset" 649
"C:/Users/talls/Documents/Unreal Projects/DraggingSystem/Content/UnrealDefault/FirstPerson/Character/Materials/MaterialLayers/T_ML_Rubber_Blue_01_N.uexp" 650
"C:/Users/talls/Documents/Unreal Projects/DraggingSystem/Content/UnrealDefault/FirstPerson/Character/Materials/MaterialLayers/T_ML_Rubber_Blue_01_N.ubulk" 651
"C:/Users/talls/Documents/Unreal Projects/DraggingSystem/Content/UnrealDefault/FirstPerson/Character/Materials/MaterialLayers/T_ML_Rubber_Blue_01_D.uasset" 652
"C:/Users/talls/Documents/Unreal Projects/DraggingSystem/Content/UnrealDefault/FirstPerson/Character/Materials/MaterialLayers/T_ML_Rubber_Blue_01_D.uexp" 653
"C:/Users/talls/Documents/Unreal Projects/DraggingSystem/Content/UnrealDefault/FirstPerson/Character/Materials/MaterialLayers/T_ML_Rubber_Blue_01_D.ubulk" 654
"C:/Users/talls/Documents/Unreal Projects/DraggingSystem/Content/UnrealDefault/FirstPerson/Character/Materials/MaterialLayers/T_ML_Aluminum01_N.uasset" 655
"C:/Users/talls/Documents/Unreal Projects/DraggingSystem/Content/UnrealDefault/FirstPerson/Character/Materials/MaterialLayers/T_ML_Aluminum01_N.uexp" 656
"C:/Users/talls/Documents/Unreal Projects/DraggingSystem/Content/UnrealDefault/FirstPerson/Character/Materials/MaterialLayers/T_ML_Aluminum01_N.ubulk" 657
"C:/Users/talls/Documents/Unreal Projects/DraggingSystem/Content/UnrealDefault/FirstPerson/Character/Materials/MaterialLayers/T_ML_Aluminum01.uasset" 658
"C:/Users/talls/Documents/Unreal Projects/DraggingSystem/Content/UnrealDefault/FirstPerson/Character/Materials/MaterialLayers/T_ML_Aluminum01.uexp" 659
"C:/Users/talls/Documents/Unreal Projects/DraggingSystem/Content/UnrealDefault/FirstPerson/Character/Materials/MaterialLayers/T_ML_Aluminum01.ubulk" 660
"C:/Users/talls/Documents/Unreal Projects/DraggingSystem/Content/UnrealDefault/FirstPerson/Character/Materials/MaterialLayers/ML_SoftMetal_UE4.uasset" 661
"C:/Users/talls/Documents/Unreal Projects/DraggingSystem/Content/UnrealDefault/FirstPerson/Character/Materials/MaterialLayers/ML_SoftMetal_UE4.uexp" 662
"C:/Users/talls/Documents/Unreal Projects/DraggingSystem/Content/UnrealDefault/FirstPerson/Character/Materials/MaterialLayers/ML_Plastic_Shiny_Beige_LOGO.uasset" 663
"C:/Users/talls/Documents/Unreal Projects/DraggingSystem/Content/UnrealDefault/FirstPerson/Character/Materials/MaterialLayers/ML_Plastic_Shiny_Beige_LOGO.uexp" 664
"C:/Users/talls/Documents/Unreal Projects/DraggingSystem/Content/UnrealDefault/FirstPerson/Character/Materials/MaterialLayers/ML_Plastic_Shiny_Beige.uasset" 665
"C:/Users/talls/Documents/Unreal Projects/DraggingSystem/Content/UnrealDefault/FirstPerson/Character/Materials/MaterialLayers/ML_Plastic_Shiny_Beige.uexp" 666
"C:/Users/talls/Documents/Unreal Projects/DraggingSystem/Content/UnrealDefault/FirstPerson/Character/Materials/MaterialLayers/ML_GlossyBlack_Latex_UE4.uasset" 667
"C:/Users/talls/Documents/Unreal Projects/DraggingSystem/Content/UnrealDefault/FirstPerson/Character/Materials/MaterialLayers/ML_GlossyBlack_Latex_UE4.uexp" 668
"C:/Users/talls/Documents/Unreal Projects/DraggingSystem/Content/UnrealDefault/FirstPerson/Character/Materials/M_UE4Man_Body.uasset" 669
"C:/Users/talls/Documents/Unreal Projects/DraggingSystem/Content/UnrealDefault/FirstPerson/Character/Materials/M_UE4Man_Body.uexp" 670
"C:/Users/talls/Documents/Unreal Projects/DraggingSystem/Content/UnrealDefault/FirstPerson/Character/Mesh/SK_Mannequin_Arms.uasset" 671
"C:/Users/talls/Documents/Unreal Projects/DraggingSystem/Content/UnrealDefault/FirstPerson/Character/Mesh/SK_Mannequin_Arms.uexp" 672
"C:/Users/talls/Documents/Unreal Projects/DraggingSystem/Content/UnrealDefault/FirstPerson/Animations/FirstPerson_Idle.uasset" 673
"C:/Users/talls/Documents/Unreal Projects/DraggingSystem/Content/UnrealDefault/FirstPerson/Animations/FirstPerson_Idle.uexp" 674
"C:/Users/talls/Documents/Unreal Projects/DraggingSystem/Content/UnrealDefault/FirstPerson/Animations/FirstPerson_Run.uasset" 675
"C:/Users/talls/Documents/Unreal Projects/DraggingSystem/Content/UnrealDefault/FirstPerson/Animations/FirstPerson_Run.uexp" 676
"C:/Users/talls/Documents/Unreal Projects/DraggingSystem/Content/UnrealDefault/FirstPerson/Animations/FirstPerson_JumpStart.uasset" 677
"C:/Users/talls/Documents/Unreal Projects/DraggingSystem/Content/UnrealDefault/FirstPerson/Animations/FirstPerson_JumpStart.uexp" 678
"C:/Users/talls/Documents/Unreal Projects/DraggingSystem/Content/UnrealDefault/FirstPerson/Animations/FirstPerson_JumpLoop.uasset" 679
"C:/Users/talls/Documents/Unreal Projects/DraggingSystem/Content/UnrealDefault/FirstPerson/Animations/FirstPerson_JumpLoop.uexp" 680
"C:/Users/talls/Documents/Unreal Projects/DraggingSystem/Content/UnrealDefault/FirstPerson/Animations/FirstPerson_JumpEnd.uasset" 681
"C:/Users/talls/Documents/Unreal Projects/DraggingSystem/Content/UnrealDefault/FirstPerson/Animations/FirstPerson_JumpEnd.uexp" 682
"C:/Users/talls/Documents/Unreal Projects/DraggingSystem/Content/UnrealDefault/FirstPerson/Animations/FirstPerson_AnimBP.uasset" 683
"C:/Users/talls/Documents/Unreal Projects/DraggingSystem/Content/UnrealDefault/FirstPerson/Animations/FirstPerson_AnimBP.uexp" 684
"C:/Users/talls/Documents/Unreal Projects/DraggingSystem/Content/DraggingSystem/Fonts/Dongle-Light.uasset" 685
"C:/Users/talls/Documents/Unreal Projects/DraggingSystem/Content/DraggingSystem/Fonts/Dongle-Light.uexp" 686
"C:/Users/talls/Documents/Unreal Projects/DraggingSystem/Content/DraggingSystem/Fonts/Dongle-Light.ufont" 687
"C:/Users/talls/Documents/Unreal Projects/DraggingSystem/Content/DraggingSystem/Fonts/Dongle-Light_Font.uasset" 688
"C:/Users/talls/Documents/Unreal Projects/DraggingSystem/Content/DraggingSystem/Fonts/Dongle-Light_Font.uexp" 689
"C:/Users/talls/Documents/Unreal Projects/DraggingSystem/Content/DraggingSystem/Blueprints/RotationEnum.uasset" 690
"C:/Users/talls/Documents/Unreal Projects/DraggingSystem/Content/DraggingSystem/Blueprints/RotationEnum.uexp" 691
"C:/Users/talls/Documents/Unreal Projects/DraggingSystem/Content/DraggingSystem/Blueprints/BP_DragBlip.uasset" 692
"C:/Users/talls/Documents/Unreal Projects/DraggingSystem/Content/DraggingSystem/Blueprints/BP_DragBlip.uexp" 693
"C:/Users/talls/Documents/Unreal Projects/DraggingSystem/Content/DraggingSystem/Components/DraggingComponent.uasset" 694
"C:/Users/talls/Documents/Unreal Projects/DraggingSystem/Content/DraggingSystem/Components/DraggingComponent.uexp" 695
"C:/Users/talls/Documents/Unreal Projects/DraggingSystem/Content/DraggingSystem/Widgets/HUD.uasset" 696
"C:/Users/talls/Documents/Unreal Projects/DraggingSystem/Content/DraggingSystem/Widgets/HUD.uexp" 697
"C:/Users/talls/Documents/Unreal Projects/DraggingSystem/Content/UnrealDefault/FirstPersonBP/Blueprints/FirstPersonCharacter.uasset" 698
"C:/Users/talls/Documents/Unreal Projects/DraggingSystem/Content/UnrealDefault/FirstPersonBP/Blueprints/FirstPersonCharacter.uexp" 699
"C:/Users/talls/Documents/Unreal Projects/DraggingSystem/Content/UnrealDefault/FirstPersonBP/Blueprints/FirstPersonGameMode.uasset" 700
"C:/Users/talls/Documents/Unreal Projects/DraggingSystem/Content/UnrealDefault/FirstPersonBP/Blueprints/FirstPersonGameMode.uexp" 701
"C:/Users/talls/Documents/Unreal Projects/DraggingSystem/Content/UnrealDefault/FirstPersonBP/Maps/FirstPersonExampleMap.uexp" 702
"C:/Users/talls/Documents/Unreal Projects/DraggingSystem/Content/UnrealDefault/FirstPersonBP/Maps/FirstPersonExampleMap.umap" 703
"../../../Engine/Content/Maps/Entry_BuiltData.uasset" 704
"../../../Engine/Content/Maps/Entry_BuiltData.uexp" 705
"../../../Engine/Content/Maps/Entry.uexp" 706
"../../../Engine/Content/Maps/Entry.umap" 707
